<?xml version="1.0" encoding="UTF-8"?>
<testng-results ignored="0" total="2" passed="2" failed="0" skipped="0">
  <reporter-output>
  </reporter-output>
  <suite started-at="2026-02-03T13:09:35 IST" name="Login Automation Suite" finished-at="2026-02-03T13:09:59 IST" duration-ms="23941">
    <groups>
    </groups>
    <test started-at="2026-02-03T13:09:35 IST" name="Login Tests" finished-at="2026-02-03T13:09:59 IST" duration-ms="23941">
      <class name="com.automation.tests.LoginTest">
        <test-method is-config="true" signature="setup()[pri:0, instance:com.automation.tests.LoginTest@7d4f9aae]" started-at="2026-02-03T13:09:36 IST" name="setup" finished-at="2026-02-03T13:09:46 IST" duration-ms="10804" status="PASS">
          <reporter-output>
          </reporter-output>
        </test-method> <!-- setup -->
        <test-method signature="testInvalidLogin()[pri:0, instance:com.automation.tests.LoginTest@7d4f9aae]" started-at="2026-02-03T13:09:46 IST" name="testInvalidLogin" finished-at="2026-02-03T13:09:49 IST" duration-ms="2498" status="PASS">
          <reporter-output>
          </reporter-output>
        </test-method> <!-- testInvalidLogin -->
        <test-method is-config="true" signature="teardown()[pri:0, instance:com.automation.tests.LoginTest@7d4f9aae]" started-at="2026-02-03T13:09:49 IST" name="teardown" finished-at="2026-02-03T13:09:52 IST" duration-ms="3353" status="PASS">
          <reporter-output>
          </reporter-output>
        </test-method> <!-- teardown -->
        <test-method is-config="true" signature="setup()[pri:0, instance:com.automation.tests.LoginTest@7d4f9aae]" started-at="2026-02-03T13:09:52 IST" name="setup" finished-at="2026-02-03T13:09:55 IST" duration-ms="2778" status="PASS">
          <reporter-output>
          </reporter-output>
        </test-method> <!-- setup -->
        <test-method signature="testValidLogin()[pri:0, instance:com.automation.tests.LoginTest@7d4f9aae]" started-at="2026-02-03T13:09:55 IST" name="testValidLogin" finished-at="2026-02-03T13:09:57 IST" duration-ms="2056" status="PASS">
          <reporter-output>
          </reporter-output>
        </test-method> <!-- testValidLogin -->
        <test-method is-config="true" signature="teardown()[pri:0, instance:com.automation.tests.LoginTest@7d4f9aae]" started-at="2026-02-03T13:09:57 IST" name="teardown" finished-at="2026-02-03T13:09:59 IST" duration-ms="2286" status="PASS">
          <reporter-output>
          </reporter-output>
        </test-method> <!-- teardown -->
      </class> <!-- com.automation.tests.LoginTest -->
    </test> <!-- Login Tests -->
  </suite> <!-- Login Automation Suite -->
</testng-results>
