<?xml version="1.0" encoding="UTF-8"?>
<!-- Generated by org.testng.reporters.JUnitReportReporter -->
<testsuite hostname="SHLOK" failures="0" tests="2" name="com.automation.tests.LoginTest" time="23.775" errors="0" timestamp="2026-02-03T13:10:00 IST" skipped="0">
  <testcase classname="com.automation.tests.LoginTest" name="testInvalidLogin" time="8.629"/>
  <testcase classname="com.automation.tests.LoginTest" name="testValidLogin" time="15.146"/>
</testsuite> <!-- com.automation.tests.LoginTest -->
